INFO	2023-07-03 13:00:38,527	0	launch.Master	[main]	Deleting Reports folder.
INFO	2023-07-03 13:00:38,528	1	launch.Master	[main]	Reading command line arguments
INFO	2023-07-03 13:00:38,689	162	org.mongodb.driver.client	[main]	MongoClient with metadata {"driver": {"name": "mongo-java-driver|sync", "version": "4.9.1"}, "os": {"type": "Linux", "name": "Linux", "architecture": "amd64", "version": "5.19.0-45-generic"}, "platform": "Java/Ubuntu/11.0.19+7-post-Ubuntu-0ubuntu122.04.1"} created with settings MongoClientSettings{readPreference=primary, writeConcern=WriteConcern{w=null, wTimeout=null ms, journal=null}, retryWrites=true, retryReads=true, readConcern=ReadConcern{level=null}, credential=null, streamFactoryFactory=null, commandListeners=[], codecRegistry=ProvidersCodecRegistry{codecProviders=[ValueCodecProvider{}, BsonValueCodecProvider{}, DBRefCodecProvider{}, DBObjectCodecProvider{}, DocumentCodecProvider{}, CollectionCodecProvider{}, IterableCodecProvider{}, MapCodecProvider{}, GeoJsonCodecProvider{}, GridFSFileCodecProvider{}, Jsr310CodecProvider{}, JsonObjectCodecProvider{}, BsonCodecProvider{}, EnumCodecProvider{}, com.mongodb.client.model.mql.ExpressionCodecProvider@8b96fde, com.mongodb.Jep395RecordCodecProvider@2d2e5f00]}, loggerSettings=LoggerSettings{maxDocumentLength=1000}, clusterSettings={hosts=[localhost:27017], srvServiceName=mongodb, mode=SINGLE, requiredClusterType=UNKNOWN, requiredReplicaSetName='null', serverSelector='null', clusterListeners='[]', serverSelectionTimeout='30000 ms', localThreshold='30000 ms'}, socketSettings=SocketSettings{connectTimeoutMS=10000, readTimeoutMS=0, receiveBufferSize=0, sendBufferSize=0}, heartbeatSocketSettings=SocketSettings{connectTimeoutMS=10000, readTimeoutMS=10000, receiveBufferSize=0, sendBufferSize=0}, connectionPoolSettings=ConnectionPoolSettings{maxSize=100, minSize=0, maxWaitTimeMS=120000, maxConnectionLifeTimeMS=0, maxConnectionIdleTimeMS=0, maintenanceInitialDelayMS=0, maintenanceFrequencyMS=60000, connectionPoolListeners=[], maxConnecting=2}, serverSettings=ServerSettings{heartbeatFrequencyMS=10000, minHeartbeatFrequencyMS=500, serverListeners='[]', serverMonitorListeners='[]'}, sslSettings=SslSettings{enabled=false, invalidHostNameAllowed=false, context=null}, applicationName='null', compressorList=[], uuidRepresentation=UNSPECIFIED, serverApi=ServerApi{version=V1, deprecationErrors=null, strict=null}, autoEncryptionSettings=null, contextProvider=null}
INFO	2023-07-03 13:00:38,716	189	org.mongodb.driver.cluster	[main]	Cluster description not yet available. Waiting for 30000 ms before timing out
INFO	2023-07-03 13:00:38,729	202	org.mongodb.driver.cluster	[cluster-ClusterId{value='64a2791e49d54826afd0123f', description='null'}-localhost:27017]	Monitor thread successfully connected to server with description ServerDescription{address=localhost:27017, type=STANDALONE, state=CONNECTED, ok=true, minWireVersion=0, maxWireVersion=17, maxDocumentSize=16777216, logicalSessionTimeoutMinutes=30, roundTripTimeNanos=40228634}
INFO	2023-07-03 13:00:38,813	286	utility.GenerateTestNGXml	[main]	Generating testNG XML.
INFO	2023-07-03 13:00:38,816	289	utility.GenerateTestNGXml	[main]	Test Suite FolderApi@mongo added successfully in testng.xml
INFO	2023-07-03 13:00:38,822	295	utility.GenerateTestNGXml	[main]	Test Suite VideoKYC@mongo added successfully in testng.xml
INFO	2023-07-03 13:00:38,822	295	utility.GenerateTestNGXml	[main]	Test Suite zipp@mongo added successfully in testng.xml
INFO	2023-07-03 13:00:38,822	295	utility.GenerateTestNGXml	[main]	Test Suite CompanyService@mongo added successfully in testng.xml
INFO	2023-07-03 13:00:38,841	314	utility.GenerateTestNGXml	[main]	testNG XML generated successfully.
INFO	2023-07-03 13:00:38,940	413	report.ExtentReportInitialization	[main]	Reporting start for Test Suite: FolderApi@mongo
INFO	2023-07-03 13:00:39,077	550	testScript.API	[main]	Start Executing Suite : FolderApi@mongo
INFO	2023-07-03 13:00:39,090	563	testScript.API	[main]	Executing Start for the TestCase :rLogin
INFO	2023-07-03 13:00:39,500	973	testScript.API	[main]	Generating random string value.
INFO	2023-07-03 13:00:39,504	977	testScript.API	[main]	Step: Setting up base URI: https://www.naukri.com
INFO	2023-07-03 13:00:39,506	979	testScript.API	[main]	Step: Setting up base Path: /recruit/login
INFO	2023-07-03 13:00:39,531	1004	api_Lib.APIRequest	[main]	Step: Setting up cookies: {_did=P3Fk9Zp3n4LW}
INFO	2023-07-03 13:00:39,550	1023	api_Lib.APIRequest	[main]	Step: Setting up headers: {AppId=121, Accept=*/*, SystemId=jobseeker, Accept-Encoding=gzip,deflate, cache-control=no-cache, Content-Type=application/json}
INFO	2023-07-03 13:00:40,114	1587	api_Lib.APIResponse	[main]	GET request hits.
INFO	2023-07-03 13:00:40,117	1590	testScript.API	[main]	Request is successful with response code: 200
INFO	2023-07-03 13:00:40,226	1699	api_Lib.APIResponse	[main]	Fields from response Body got saved: token:0066f38273b3657e083e40aec7d7bc2b08c7def68cc3bda0f5016db7a4e8081a68cd1408dd21918f60e129f1bca90e4f8b6521b3b4199f89bcb095a3d8659f2d
INFO	2023-07-03 13:00:40,227	1700	testScript.API	[main]	Executing Completed for the Test Case:rLogin
INFO	2023-07-03 13:00:40,228	1701	testScript.API	[main]	Executing Start for the TestCase :loginService
INFO	2023-07-03 13:00:40,229	1702	testScript.API	[main]	Step: Setting up base URI: https://login.recruit.naukri.com
INFO	2023-07-03 13:00:40,229	1702	testScript.API	[main]	Step: Setting up base Path: /Login/loginService
INFO	2023-07-03 13:00:40,229	1702	api_Lib.APIRequest	[main]	Step: Setting up cookies: {_did=P3Fk9Zp3n4LW}
INFO	2023-07-03 13:00:40,230	1703	api_Lib.APIRequest	[main]	Step: Setting up headers: {AppId=121, Accept=*/*, SystemId=jobseeker, Accept-Encoding=gzip,deflate, cache-control=no-cache, Content-Type=application/json}
INFO	2023-07-03 13:00:40,236	1709	api_Lib.APIRequest	[main]	Step: Setting up query Parameters: {g-recaptcha-response='', password=P@ssw0rd100, csrf=0066f38273b3657e083e40aec7d7bc2b08c7def68cc3bda0f5016db7a4e8081a68cd1408dd21918f60e129f1bca90e4f8b6521b3b4199f89bcb095a3d8659f2d, isIE7=false, URL=https://recruit.naukri.com/, username=company16@yopmail.com}
INFO	2023-07-03 13:00:40,814	2287	api_Lib.APIResponse	[main]	POST request hits.
INFO	2023-07-03 13:00:40,815	2288	testScript.API	[main]	Request is successful with response code: 200
INFO	2023-07-03 13:00:40,816	2289	api_Lib.APIResponse	[main]	Cookies Saved: strUNID:KZsAw5tBodzekNu58TMRj3mPGTvnLYQoJppsbMjQ
INFO	2023-07-03 13:00:40,817	2290	testScript.API	[main]	Executing Completed for the Test Case:loginService
INFO	2023-07-03 13:00:40,987	2460	report.ExtentReportInitialization	[main]	Reporting start for Test Suite: VideoKYC@mongo
INFO	2023-07-03 13:00:40,989	2462	testScript.API	[main]	Start Executing Suite : VideoKYC@mongo
INFO	2023-07-03 13:00:40,991	2464	testScript.API	[main]	Executing Start for the TestCase :uploadImage
INFO	2023-07-03 13:00:40,992	2465	testScript.API	[main]	Step: Setting up base URI: https://v2.convertapi.com
INFO	2023-07-03 13:00:40,992	2465	testScript.API	[main]	Step: Setting up base Path: /upload
INFO	2023-07-03 13:00:40,992	2465	api_Lib.APIRequest	[main]	Step: Setting up headers: {Accept=*/*, Accept-Encoding=gzip,deflate, cache-control=no-cache, Content-Type=multipart/form-data}
INFO	2023-07-03 13:00:40,997	2470	api_Lib.APIRequest	[main]	Step: Setting up Multipart as : {file=VideoKYC\\files\\Naukri_[3y_0m].doc}
INFO	2023-07-03 13:00:41,889	3362	org.apache.http.impl.client.DefaultHttpClient	[main]	I/O exception (java.io.FileNotFoundException) caught when processing request to {s}->https://v2.convertapi.com:443: /home/aryangupta/react/Testing/DataInput/RequestBody/VideoKYC\\files\\Naukri_[3y_0m].doc (No such file or directory)
INFO	2023-07-03 13:00:41,890	3363	org.apache.http.impl.client.DefaultHttpClient	[main]	Retrying request to {s}->https://v2.convertapi.com:443
INFO	2023-07-03 13:00:42,376	3849	org.apache.http.impl.client.DefaultHttpClient	[main]	I/O exception (java.io.FileNotFoundException) caught when processing request to {s}->https://v2.convertapi.com:443: /home/aryangupta/react/Testing/DataInput/RequestBody/VideoKYC\\files\\Naukri_[3y_0m].doc (No such file or directory)
INFO	2023-07-03 13:00:42,376	3849	org.apache.http.impl.client.DefaultHttpClient	[main]	Retrying request to {s}->https://v2.convertapi.com:443
INFO	2023-07-03 13:00:42,780	4253	org.apache.http.impl.client.DefaultHttpClient	[main]	I/O exception (java.io.FileNotFoundException) caught when processing request to {s}->https://v2.convertapi.com:443: /home/aryangupta/react/Testing/DataInput/RequestBody/VideoKYC\\files\\Naukri_[3y_0m].doc (No such file or directory)
INFO	2023-07-03 13:00:42,780	4253	org.apache.http.impl.client.DefaultHttpClient	[main]	Retrying request to {s}->https://v2.convertapi.com:443
ERROR	2023-07-03 13:00:43,392	4865	api_Lib.APIResponse	[main]	On hitting POST request, error occurs: /home/aryangupta/react/Testing/DataInput/RequestBody/VideoKYC\\files\\Naukri_[3y_0m].doc (No such file or directory)
ERROR	2023-07-03 13:00:43,393	4866	testScript.API	[main]	Test Case:uploadImage not executed due to error. Details: [Ljava.lang.StackTraceElement;@4751e8b9null
INFO	2023-07-03 13:00:43,454	4927	report.ExtentReportInitialization	[main]	Reporting start for Test Suite: zipp@mongo
INFO	2023-07-03 13:00:43,458	4931	testScript.API	[main]	Start Executing Suite : zipp@mongo
INFO	2023-07-03 13:00:43,463	4936	testScript.API	[main]	Executing Start for the TestCase :zipp1
INFO	2023-07-03 13:00:43,464	4937	testScript.API	[main]	Step: Setting up base URI: https://api.zippopotam.us/us
INFO	2023-07-03 13:00:43,465	4938	testScript.API	[main]	Step: Setting up base Path: /33162
INFO	2023-07-03 13:00:44,113	5586	api_Lib.APIResponse	[main]	GET request hits.
INFO	2023-07-03 13:00:44,114	5587	testScript.API	[main]	Request is successful with response code: 200
INFO	2023-07-03 13:00:44,134	5607	api_Lib.APIResponse	[main]	Response body validation is successful Expected Body :{"post code": "33162", "country": "United States", "country abbreviation": "US", "places": [{"place name": "Miami", "longitude": "-80.183", "state": "Florida", "state abbreviation": "FL", "latitude": "25.9286"}]} Actual Body: {"post code": "33162", "country": "United States", "country abbreviation": "US", "places": [{"place name": "Miami", "longitude": "-80.183", "state": "Florida", "state abbreviation": "FL", "latitude": "25.9286"}]}
INFO	2023-07-03 13:00:44,136	5609	testScript.API	[main]	Executing Completed for the Test Case:zipp1
INFO	2023-07-03 13:00:44,194	5667	report.ExtentReportInitialization	[main]	Reporting start for Test Suite: CompanyService@mongo
INFO	2023-07-03 13:00:44,199	5672	testScript.API	[main]	Start Executing Suite : CompanyService@mongo
INFO	2023-07-03 13:00:44,206	5679	testScript.API	[main]	Executing Start for the TestCase :GetCity_1
INFO	2023-07-03 13:00:44,207	5680	testScript.API	[main]	Step: Setting up base URI: http://services.test2.mnr-services-test2.cluster.infoedge.com/company-services/company-service-refactor
INFO	2023-07-03 13:00:44,208	5681	testScript.API	[main]	Step: Setting up base Path: /cities/{cityID} with path parameters as cityID=1
INFO	2023-07-03 13:00:44,209	5682	api_Lib.APIRequest	[main]	Step: Setting up headers: {AppId=114, Accept=*/*, SystemId=naukriIndia, Accept-Encoding=gzip,deflate, cache-control=no-cache, Content-Type=application/json}
INFO	2023-07-03 13:00:44,619	6092	api_Lib.APIResponse	[main]	GET request hits.
ERROR	2023-07-03 13:00:44,620	6093	testScript.API	[main]	Request is unsuccessful with response code: 502 with reason as: <html>
<head><title>502 Bad Gateway</title></head>
<body bgcolor="white">
<center><h1>502 Bad Gateway</h1></center>
<hr><center>nginx/1.10.2</center>
</body>
</html>

ERROR	2023-07-03 13:00:44,620	6093	testScript.API	[main]	Executing completed with error for the Test Case:GetCity_1
INFO	2023-07-03 13:00:44,758	6231	launch.Master	[main]	Test Results:
INFO	2023-07-03 13:00:44,759	6232	report.CustomReport	[main]	Suite Name: FolderApi@mongo
 Passed Test: 2
 Passed with warning 0
 Failed Test : 0
 Skipped Test : 0
INFO	2023-07-03 13:00:44,759	6232	report.CustomReport	[main]	Suite Name: VideoKYC@mongo
 Passed Test: 0
 Passed with warning 0
 Failed Test : 0
 Skipped Test : 0
INFO	2023-07-03 13:00:44,759	6232	report.CustomReport	[main]	Suite Name: zipp@mongo
 Passed Test: 0
 Passed with warning 1
 Failed Test : 0
 Skipped Test : 0
INFO	2023-07-03 13:00:44,759	6232	report.CustomReport	[main]	Suite Name: CompanyService@mongo
 Passed Test: 0
 Passed with warning 0
 Failed Test : 1
 Skipped Test : 0
